2025-06-23 20:31:51 - 
⏱️ [Step 1: Process Buildings] Starting...
2025-06-23 20:32:48 - ✅ [Step 1: Process Buildings] Completed in 56.30s
2025-06-23 20:32:48 - 
⏱️ [Fetch Equipment] Starting...
2025-06-23 20:32:55 - ✅ [Fetch Equipment] Completed in 7.12s
2025-06-23 20:32:55 - 
⏱️ [Process Equipment] Starting...
2025-06-23 20:35:06 - ✅ [Process Equipment] Completed in 131.27s
2025-06-23 20:35:19 - 
⏱️ [Step 2: Upload Normalized Metadata] Starting...
2025-06-23 20:35:46 - ✅ [Step 2: Upload Normalized Metadata] Completed in 26.29s
2025-06-23 20:35:47 - 
⏱️ [Step 3: Ingest Telemetry] Starting...
2025-06-23 21:03:19 - ✅ [Step 3: Ingest Telemetry] Completed in 1651.70s
2025-06-23 21:28:01 - 
⏱️ [Step 1: Process Buildings] Starting...
2025-06-23 21:29:25 - ✅ [Step 1: Process Buildings] Completed in 84.24s
2025-06-23 21:29:25 - 
⏱️ [Fetch Equipment] Starting...
2025-06-23 21:29:35 - ✅ [Fetch Equipment] Completed in 10.07s
2025-06-23 21:29:35 - 
⏱️ [Process Equipment] Starting...
2025-06-23 21:32:04 - ✅ [Process Equipment] Completed in 148.88s
2025-06-23 21:32:29 - 
⏱️ [Step 2: Upload Normalized Metadata] Starting...
2025-06-23 21:32:40 - ✅ [Step 2: Upload Normalized Metadata] Completed in 10.10s
2025-06-23 21:32:41 - 
⏱️ [Step 3: Ingest Telemetry] Starting...
2025-06-23 21:36:00 - 
⏱️ [Ingest TELEMETRY_SUCTION_LINE] Starting...
2025-06-23 21:36:28 - ✅ [Ingest TELEMETRY_SUCTION_LINE] Completed in 28.23s
2025-06-23 21:36:28 - ✅ [Step 3: Ingest Telemetry] Completed in 227.15s
