{"level":"INFO","message":"[7:20:39.234 AM]: Configuring logger with level: -1, filePath: undefined, additionalLogToConsole: undefined"}
{"level":"INFO","message":"[1:45:28.574 PM]: Configuring logger with level: -1, filePath: undefined, additionalLogToConsole: undefined"}
{"level":"INFO","message":"[2:01:24.145 PM]: Configuring logger with level: -1, filePath: undefined, additionalLogToConsole: undefined"}
{"level":"INFO","message":"[2:03:18.069 PM]: Configuring logger with level: -1, filePath: undefined, additionalLogToConsole: undefined"}
{"level":"INFO","message":"[2:05:51.284 PM]: Configuring logger with level: -1, filePath: undefined, additionalLogToConsole: undefined"}
{"level":"INFO","message":"[2:09:26.998 PM]: Configuring logger with level: -1, filePath: undefined, additionalLogToConsole: undefined"}
{"level":"INFO","message":"[2:11:43.171 PM]: Configuring logger with level: -1, filePath: undefined, additionalLogToConsole: undefined"}
{"level":"INFO","message":"[3:21:05.347 PM]: Configuring logger with level: -1, filePath: undefined, additionalLogToConsole: undefined"}
{"level":"INFO","message":"[4:22:24.307 PM]: Configuring logger with level: -1, filePath: undefined, additionalLogToConsole: undefined"}
{"level":"INFO","message":"[4:24:54.591 PM]: Configuring logger with level: -1, filePath: undefined, additionalLogToConsole: undefined"}
{"level":"INFO","message":"[4:29:03.913 PM]: Configuring logger with level: -1, filePath: undefined, additionalLogToConsole: undefined"}
{"level":"INFO","message":"[4:31:37.864 PM]: Configuring logger with level: -1, filePath: undefined, additionalLogToConsole: undefined"}
{"level":"INFO","message":"[4:33:23.056 PM]: Configuring logger with level: -1, filePath: undefined, additionalLogToConsole: undefined"}
{"level":"INFO","message":"[4:36:26.834 PM]: Configuring logger with level: -1, filePath: undefined, additionalLogToConsole: undefined"}
{"level":"INFO","message":"[4:38:47.203 PM]: Configuring logger with level: -1, filePath: undefined, additionalLogToConsole: undefined"}
{"level":"INFO","message":"[4:41:35.638 PM]: Configuring logger with level: -1, filePath: undefined, additionalLogToConsole: undefined"}
{"level":"INFO","message":"[4:44:46.383 PM]: Configuring logger with level: -1, filePath: undefined, additionalLogToConsole: undefined"}
{"level":"INFO","message":"[9:09:59.400 PM]: Configuring logger with level: -1, filePath: undefined, additionalLogToConsole: undefined"}
{"level":"INFO","message":"[9:12:24.996 PM]: Configuring logger with level: -1, filePath: undefined, additionalLogToConsole: undefined"}
{"level":"INFO","message":"[8:55:38.174 AM]: Configuring logger with level: -1, filePath: undefined, additionalLogToConsole: undefined"}
{"level":"INFO","message":"[9:59:53.763 AM]: Configuring logger with level: -1, filePath: undefined, additionalLogToConsole: undefined"}
{"level":"INFO","message":"[10:36:27.370 AM]: Configuring logger with level: -1, filePath: undefined, additionalLogToConsole: undefined"}
{"level":"INFO","message":"[10:49:33.986 AM]: Configuring logger with level: -1, filePath: undefined, additionalLogToConsole: undefined"}
{"level":"INFO","message":"[10:59:04.151 AM]: Configuring logger with level: -1, filePath: undefined, additionalLogToConsole: undefined"}
{"level":"INFO","message":"[11:07:58.513 AM]: Configuring logger with level: -1, filePath: undefined, additionalLogToConsole: undefined"}
{"level":"INFO","message":"[11:10:45.797 AM]: Configuring logger with level: -1, filePath: undefined, additionalLogToConsole: undefined"}
{"level":"INFO","message":"[11:19:37.257 AM]: Configuring logger with level: -1, filePath: undefined, additionalLogToConsole: undefined"}
{"level":"INFO","message":"[11:20:22.753 AM]: Configuring logger with level: -1, filePath: undefined, additionalLogToConsole: undefined"}
{"level":"INFO","message":"[12:38:33.417 PM]: Configuring logger with level: -1, filePath: undefined, additionalLogToConsole: undefined"}
{"level":"INFO","message":"[7:34:53.732 AM]: Configuring logger with level: -1, filePath: undefined, additionalLogToConsole: undefined"}
{"level":"INFO","message":"[8:01:00.534 AM]: Configuring logger with level: -1, filePath: undefined, additionalLogToConsole: undefined"}
{"level":"INFO","message":"[8:34:00.452 AM]: Configuring logger with level: -1, filePath: undefined, additionalLogToConsole: undefined"}
{"level":"INFO","message":"[10:42:00.301 AM]: Configuring logger with level: -1, filePath: undefined, additionalLogToConsole: undefined"}
{"level":"INFO","message":"[10:43:52.143 AM]: Configuring logger with level: -1, filePath: undefined, additionalLogToConsole: undefined"}
{"level":"INFO","message":"[10:45:00.359 AM]: Configuring logger with level: -1, filePath: undefined, additionalLogToConsole: undefined"}
{"level":"INFO","message":"[10:48:25.177 AM]: Configuring logger with level: -1, filePath: undefined, additionalLogToConsole: undefined"}
{"level":"INFO","message":"[10:49:42.786 AM]: Configuring logger with level: -1, filePath: undefined, additionalLogToConsole: undefined"}
{"level":"INFO","message":"[11:13:54.299 AM]: Configuring logger with level: -1, filePath: undefined, additionalLogToConsole: undefined"}
{"level":"INFO","message":"[11:21:20.180 AM]: Configuring logger with level: -1, filePath: undefined, additionalLogToConsole: undefined"}
{"level":"INFO","message":"[11:23:30.559 AM]: Configuring logger with level: -1, filePath: undefined, additionalLogToConsole: undefined"}
{"level":"INFO","message":"[11:26:09.718 AM]: Configuring logger with level: -1, filePath: undefined, additionalLogToConsole: undefined"}
{"level":"INFO","message":"[11:28:42.308 AM]: Configuring logger with level: -1, filePath: undefined, additionalLogToConsole: undefined"}
{"level":"INFO","message":"[11:29:18.219 AM]: Configuring logger with level: -1, filePath: undefined, additionalLogToConsole: undefined"}
{"level":"INFO","message":"[11:31:15.774 AM]: Configuring logger with level: -1, filePath: undefined, additionalLogToConsole: undefined"}
{"level":"INFO","message":"[11:32:22.959 AM]: Configuring logger with level: -1, filePath: undefined, additionalLogToConsole: undefined"}
{"level":"INFO","message":"[11:34:45.218 AM]: Configuring logger with level: -1, filePath: undefined, additionalLogToConsole: undefined"}
{"level":"INFO","message":"[11:37:04.863 AM]: Configuring logger with level: -1, filePath: undefined, additionalLogToConsole: undefined"}
{"level":"INFO","message":"[2:54:20.549 PM]: Configuring logger with level: -1, filePath: undefined, additionalLogToConsole: undefined"}
{"level":"INFO","message":"[7:49:27.283 AM]: Configuring logger with level: -1, filePath: undefined, additionalLogToConsole: undefined"}
{"level":"INFO","message":"[9:39:57.322 AM]: Configuring logger with level: -1, filePath: undefined, additionalLogToConsole: undefined"}
{"level":"INFO","message":"[9:49:02.950 AM]: Configuring logger with level: -1, filePath: undefined, additionalLogToConsole: undefined"}
{"level":"INFO","message":"[9:57:42.247 AM]: Configuring logger with level: -1, filePath: undefined, additionalLogToConsole: undefined"}
{"level":"INFO","message":"[3:39:51.336 PM]: Configuring logger with level: -1, filePath: undefined, additionalLogToConsole: undefined"}
{"level":"INFO","message":"[3:57:19.112 PM]: Configuring logger with level: -1, filePath: undefined, additionalLogToConsole: undefined"}
{"level":"INFO","message":"[4:06:42.383 PM]: Configuring logger with level: -1, filePath: undefined, additionalLogToConsole: undefined"}
{"level":"INFO","message":"[5:13:50.675 PM]: Configuring logger with level: -1, filePath: undefined, additionalLogToConsole: undefined"}
{"level":"INFO","message":"[5:34:26.632 PM]: Configuring logger with level: -1, filePath: undefined, additionalLogToConsole: undefined"}
{"level":"INFO","message":"[5:47:12.086 PM]: Configuring logger with level: -1, filePath: undefined, additionalLogToConsole: undefined"}
{"level":"INFO","message":"[5:52:45.799 PM]: Configuring logger with level: -1, filePath: undefined, additionalLogToConsole: undefined"}
{"level":"INFO","message":"[8:46:09.993 PM]: Configuring logger with level: -1, filePath: undefined, additionalLogToConsole: undefined"}
{"level":"INFO","message":"[7:32:59.678 AM]: Configuring logger with level: -1, filePath: undefined, additionalLogToConsole: undefined"}
{"level":"INFO","message":"[10:13:45.350 AM]: Configuring logger with level: -1, filePath: undefined, additionalLogToConsole: undefined"}
{"level":"INFO","message":"[10:26:40.718 AM]: Configuring logger with level: -1, filePath: undefined, additionalLogToConsole: undefined"}
{"level":"INFO","message":"[10:32:11.314 AM]: Configuring logger with level: -1, filePath: undefined, additionalLogToConsole: undefined"}
{"level":"INFO","message":"[11:14:29.657 AM]: Configuring logger with level: -1, filePath: undefined, additionalLogToConsole: undefined"}
{"level":"INFO","message":"[11:46:40.312 AM]: Configuring logger with level: -1, filePath: undefined, additionalLogToConsole: undefined"}
{"level":"INFO","message":"[11:48:24.889 AM]: Configuring logger with level: -1, filePath: undefined, additionalLogToConsole: undefined"}
{"level":"INFO","message":"[1:32:33.698 PM]: Configuring logger with level: -1, filePath: undefined, additionalLogToConsole: undefined"}
{"level":"INFO","message":"[1:35:08.257 PM]: Configuring logger with level: -1, filePath: undefined, additionalLogToConsole: undefined"}
{"level":"INFO","message":"[1:37:42.841 PM]: Configuring logger with level: -1, filePath: undefined, additionalLogToConsole: undefined"}
{"level":"INFO","message":"[2:00:32.821 PM]: Configuring logger with level: -1, filePath: undefined, additionalLogToConsole: undefined"}
{"level":"INFO","message":"[2:10:47.197 PM]: Configuring logger with level: -1, filePath: undefined, additionalLogToConsole: undefined"}
{"level":"INFO","message":"[2:34:01.983 PM]: Configuring logger with level: -1, filePath: undefined, additionalLogToConsole: undefined"}
{"level":"INFO","message":"[2:44:41.506 PM]: Configuring logger with level: -1, filePath: undefined, additionalLogToConsole: undefined"}
{"level":"INFO","message":"[2:45:59.117 PM]: Configuring logger with level: -1, filePath: undefined, additionalLogToConsole: undefined"}
{"level":"INFO","message":"[2:47:33.154 PM]: Configuring logger with level: -1, filePath: undefined, additionalLogToConsole: undefined"}
{"level":"INFO","message":"[2:48:44.941 PM]: Configuring logger with level: -1, filePath: undefined, additionalLogToConsole: undefined"}
{"level":"INFO","message":"[2:53:20.361 PM]: Configuring logger with level: -1, filePath: undefined, additionalLogToConsole: undefined"}
{"level":"INFO","message":"[3:04:35.441 PM]: Configuring logger with level: -1, filePath: undefined, additionalLogToConsole: undefined"}
{"level":"INFO","message":"[3:05:06.816 PM]: Configuring logger with level: -1, filePath: undefined, additionalLogToConsole: undefined"}
{"level":"INFO","message":"[8:16:19.485 PM]: Configuring logger with level: -1, filePath: undefined, additionalLogToConsole: undefined"}
{"level":"INFO","message":"[7:27:00.654 AM]: Configuring logger with level: -1, filePath: undefined, additionalLogToConsole: undefined"}
{"level":"INFO","message":"[7:32:03.493 AM]: Configuring logger with level: -1, filePath: undefined, additionalLogToConsole: undefined"}
{"level":"INFO","message":"[7:33:59.529 AM]: Configuring logger with level: -1, filePath: undefined, additionalLogToConsole: undefined"}
{"level":"INFO","message":"[7:35:13.521 AM]: Configuring logger with level: -1, filePath: undefined, additionalLogToConsole: undefined"}
{"level":"INFO","message":"[7:39:43.783 AM]: Configuring logger with level: -1, filePath: undefined, additionalLogToConsole: undefined"}
{"level":"INFO","message":"[7:41:21.999 AM]: Configuring logger with level: -1, filePath: undefined, additionalLogToConsole: undefined"}
{"level":"INFO","message":"[7:43:23.137 AM]: Configuring logger with level: -1, filePath: undefined, additionalLogToConsole: undefined"}
{"level":"INFO","message":"[2:47:11.644 PM]: Configuring logger with level: -1, filePath: undefined, additionalLogToConsole: undefined"}
{"level":"INFO","message":"[2:53:40.034 PM]: Configuring logger with level: -1, filePath: undefined, additionalLogToConsole: undefined"}
{"level":"INFO","message":"[2:56:29.815 PM]: Configuring logger with level: -1, filePath: undefined, additionalLogToConsole: undefined"}
{"level":"INFO","message":"[4:03:53.763 PM]: Configuring logger with level: -1, filePath: undefined, additionalLogToConsole: undefined"}
{"level":"INFO","message":"[4:12:58.419 PM]: Configuring logger with level: -1, filePath: undefined, additionalLogToConsole: undefined"}
{"level":"INFO","message":"[4:18:46.087 PM]: Configuring logger with level: -1, filePath: undefined, additionalLogToConsole: undefined"}
{"level":"INFO","message":"[4:19:20.423 PM]: Configuring logger with level: -1, filePath: undefined, additionalLogToConsole: undefined"}
{"level":"INFO","message":"[4:29:38.243 PM]: Configuring logger with level: -1, filePath: undefined, additionalLogToConsole: undefined"}
{"level":"INFO","message":"[4:32:34.747 PM]: Configuring logger with level: -1, filePath: undefined, additionalLogToConsole: undefined"}
{"level":"INFO","message":"[4:36:26.783 PM]: Configuring logger with level: -1, filePath: undefined, additionalLogToConsole: undefined"}
{"level":"INFO","message":"[4:36:48.386 PM]: Configuring logger with level: -1, filePath: undefined, additionalLogToConsole: undefined"}
{"level":"INFO","message":"[4:40:46.822 PM]: Configuring logger with level: -1, filePath: undefined, additionalLogToConsole: undefined"}
{"level":"INFO","message":"[4:42:50.228 PM]: Configuring logger with level: -1, filePath: undefined, additionalLogToConsole: undefined"}
{"level":"INFO","message":"[4:44:33.932 PM]: Configuring logger with level: -1, filePath: undefined, additionalLogToConsole: undefined"}
{"level":"INFO","message":"[4:45:18.454 PM]: Configuring logger with level: -1, filePath: undefined, additionalLogToConsole: undefined"}
{"level":"INFO","message":"[4:45:44.902 PM]: Configuring logger with level: -1, filePath: undefined, additionalLogToConsole: undefined"}
{"level":"INFO","message":"[4:45:50.364 PM]: Configuring logger with level: -1, filePath: undefined, additionalLogToConsole: undefined"}
{"level":"INFO","message":"[4:54:00.279 PM]: Configuring logger with level: -1, filePath: undefined, additionalLogToConsole: undefined"}
{"level":"INFO","message":"[5:06:54.518 PM]: Configuring logger with level: -1, filePath: undefined, additionalLogToConsole: undefined"}
{"level":"INFO","message":"[5:20:25.597 PM]: Configuring logger with level: -1, filePath: undefined, additionalLogToConsole: undefined"}
{"level":"INFO","message":"[6:57:06.072 PM]: Configuring logger with level: -1, filePath: undefined, additionalLogToConsole: undefined"}
{"level":"INFO","message":"[7:31:16.005 PM]: Configuring logger with level: -1, filePath: undefined, additionalLogToConsole: undefined"}
{"level":"INFO","message":"[7:49:32.590 PM]: Configuring logger with level: -1, filePath: undefined, additionalLogToConsole: undefined"}
{"level":"INFO","message":"[8:15:58.321 PM]: Configuring logger with level: -1, filePath: undefined, additionalLogToConsole: undefined"}
{"level":"INFO","message":"[8:26:26.746 PM]: Configuring logger with level: -1, filePath: undefined, additionalLogToConsole: undefined"}
{"level":"INFO","message":"[7:15:39.393 AM]: Configuring logger with level: -1, filePath: undefined, additionalLogToConsole: undefined"}
{"level":"INFO","message":"[7:16:42.878 AM]: Configuring logger with level: -1, filePath: undefined, additionalLogToConsole: undefined"}
{"level":"INFO","message":"[7:18:01.001 AM]: Configuring logger with level: -1, filePath: undefined, additionalLogToConsole: undefined"}
{"level":"INFO","message":"[7:33:28.679 AM]: Configuring logger with level: -1, filePath: undefined, additionalLogToConsole: undefined"}
{"level":"INFO","message":"[7:37:53.085 AM]: Configuring logger with level: -1, filePath: undefined, additionalLogToConsole: undefined"}
{"level":"INFO","message":"[7:41:26.230 AM]: Configuring logger with level: -1, filePath: undefined, additionalLogToConsole: undefined"}
{"level":"INFO","message":"[7:42:58.160 AM]: Configuring logger with level: -1, filePath: undefined, additionalLogToConsole: undefined"}
{"level":"INFO","message":"[7:51:18.341 AM]: Configuring logger with level: -1, filePath: undefined, additionalLogToConsole: undefined"}
{"level":"INFO","message":"[7:52:55.808 AM]: Configuring logger with level: -1, filePath: undefined, additionalLogToConsole: undefined"}
{"level":"INFO","message":"[7:58:38.395 AM]: Configuring logger with level: -1, filePath: undefined, additionalLogToConsole: undefined"}
{"level":"INFO","message":"[8:00:07.321 AM]: Configuring logger with level: -1, filePath: undefined, additionalLogToConsole: undefined"}
{"level":"INFO","message":"[8:09:37.603 AM]: Configuring logger with level: -1, filePath: undefined, additionalLogToConsole: undefined"}
{"level":"INFO","message":"[8:16:14.225 AM]: Configuring logger with level: -1, filePath: undefined, additionalLogToConsole: undefined"}
{"level":"INFO","message":"[8:33:27.355 AM]: Configuring logger with level: -1, filePath: undefined, additionalLogToConsole: undefined"}
{"level":"INFO","message":"[8:48:24.896 AM]: Configuring logger with level: -1, filePath: undefined, additionalLogToConsole: undefined"}
{"level":"INFO","message":"[8:56:23.055 AM]: Configuring logger with level: -1, filePath: undefined, additionalLogToConsole: undefined"}
{"level":"INFO","message":"[3:21:49.839 PM]: Configuring logger with level: -1, filePath: undefined, additionalLogToConsole: undefined"}
{"level":"INFO","message":"[3:23:06.516 PM]: Configuring logger with level: -1, filePath: undefined, additionalLogToConsole: undefined"}
{"level":"INFO","message":"[3:24:33.739 PM]: Configuring logger with level: -1, filePath: undefined, additionalLogToConsole: undefined"}
{"level":"INFO","message":"[4:11:48.233 PM]: Configuring logger with level: -1, filePath: undefined, additionalLogToConsole: undefined"}
{"level":"INFO","message":"[4:13:08.587 PM]: Configuring logger with level: -1, filePath: undefined, additionalLogToConsole: undefined"}
{"level":"INFO","message":"[4:15:20.808 PM]: Configuring logger with level: -1, filePath: undefined, additionalLogToConsole: undefined"}
{"level":"INFO","message":"[4:17:55.738 PM]: Configuring logger with level: -1, filePath: undefined, additionalLogToConsole: undefined"}
{"level":"INFO","message":"[4:32:48.085 PM]: Configuring logger with level: -1, filePath: undefined, additionalLogToConsole: undefined"}
{"level":"INFO","message":"[5:27:43.457 PM]: Configuring logger with level: -1, filePath: undefined, additionalLogToConsole: undefined"}
{"level":"INFO","message":"[5:28:52.161 PM]: Configuring logger with level: -1, filePath: undefined, additionalLogToConsole: undefined"}
{"level":"INFO","message":"[5:29:29.846 PM]: Configuring logger with level: -1, filePath: undefined, additionalLogToConsole: undefined"}
{"level":"INFO","message":"[5:29:55.465 PM]: Configuring logger with level: -1, filePath: undefined, additionalLogToConsole: undefined"}
{"level":"INFO","message":"[8:15:35.788 PM]: Configuring logger with level: -1, filePath: undefined, additionalLogToConsole: undefined"}
{"level":"INFO","message":"[8:21:31.910 PM]: Configuring logger with level: -1, filePath: undefined, additionalLogToConsole: undefined"}
{"level":"INFO","message":"[8:28:04.181 PM]: Configuring logger with level: -1, filePath: undefined, additionalLogToConsole: undefined"}
{"level":"INFO","message":"[8:31:01.902 PM]: Configuring logger with level: -1, filePath: undefined, additionalLogToConsole: undefined"}
{"level":"INFO","message":"[9:26:52.202 PM]: Configuring logger with level: -1, filePath: undefined, additionalLogToConsole: undefined"}
{"level":"INFO","message":"[9:24:12.301 AM]: Configuring logger with level: -1, filePath: undefined, additionalLogToConsole: undefined"}
{"level":"INFO","message":"[10:44:42.968 AM]: Configuring logger with level: -1, filePath: undefined, additionalLogToConsole: undefined"}
{"level":"INFO","message":"[10:45:59.111 AM]: Configuring logger with level: -1, filePath: undefined, additionalLogToConsole: undefined"}
{"level":"INFO","message":"[10:46:19.590 AM]: Configuring logger with level: -1, filePath: undefined, additionalLogToConsole: undefined"}
{"level":"INFO","message":"[10:48:22.610 AM]: Configuring logger with level: -1, filePath: undefined, additionalLogToConsole: undefined"}
{"level":"INFO","message":"[10:50:18.097 AM]: Configuring logger with level: -1, filePath: undefined, additionalLogToConsole: undefined"}
{"level":"INFO","message":"[10:52:38.452 AM]: Configuring logger with level: -1, filePath: undefined, additionalLogToConsole: undefined"}
{"level":"INFO","message":"[10:54:08.794 AM]: Configuring logger with level: -1, filePath: undefined, additionalLogToConsole: undefined"}
{"level":"INFO","message":"[10:55:21.129 AM]: Configuring logger with level: -1, filePath: undefined, additionalLogToConsole: undefined"}
{"level":"INFO","message":"[10:55:42.386 AM]: Configuring logger with level: -1, filePath: undefined, additionalLogToConsole: undefined"}
{"level":"INFO","message":"[10:56:31.574 AM]: Configuring logger with level: -1, filePath: undefined, additionalLogToConsole: undefined"}
{"level":"INFO","message":"[10:57:01.354 AM]: Configuring logger with level: -1, filePath: undefined, additionalLogToConsole: undefined"}
{"level":"INFO","message":"[10:58:02.060 AM]: Configuring logger with level: -1, filePath: undefined, additionalLogToConsole: undefined"}
{"level":"INFO","message":"[10:58:11.704 AM]: Configuring logger with level: -1, filePath: undefined, additionalLogToConsole: undefined"}
{"level":"INFO","message":"[10:58:54.337 AM]: Configuring logger with level: -1, filePath: undefined, additionalLogToConsole: undefined"}
{"level":"INFO","message":"[11:00:17.309 AM]: Configuring logger with level: -1, filePath: undefined, additionalLogToConsole: undefined"}
{"level":"INFO","message":"[11:01:27.634 AM]: Configuring logger with level: -1, filePath: undefined, additionalLogToConsole: undefined"}
{"level":"INFO","message":"[11:03:02.190 AM]: Configuring logger with level: -1, filePath: undefined, additionalLogToConsole: undefined"}
{"level":"INFO","message":"[11:03:37.640 AM]: Configuring logger with level: -1, filePath: undefined, additionalLogToConsole: undefined"}
{"level":"INFO","message":"[11:10:53.771 AM]: Configuring logger with level: -1, filePath: undefined, additionalLogToConsole: undefined"}
{"level":"INFO","message":"[11:20:14.775 AM]: Configuring logger with level: -1, filePath: undefined, additionalLogToConsole: undefined"}
{"level":"INFO","message":"[11:32:07.312 AM]: Configuring logger with level: -1, filePath: undefined, additionalLogToConsole: undefined"}
{"level":"INFO","message":"[11:46:36.190 AM]: Configuring logger with level: -1, filePath: undefined, additionalLogToConsole: undefined"}
{"level":"INFO","message":"[11:59:35.310 AM]: Configuring logger with level: -1, filePath: undefined, additionalLogToConsole: undefined"}
{"level":"INFO","message":"[12:10:57.221 PM]: Configuring logger with level: -1, filePath: undefined, additionalLogToConsole: undefined"}
{"level":"INFO","message":"[12:11:59.659 PM]: Configuring logger with level: -1, filePath: undefined, additionalLogToConsole: undefined"}
{"level":"INFO","message":"[12:12:21.470 PM]: Configuring logger with level: -1, filePath: undefined, additionalLogToConsole: undefined"}
{"level":"INFO","message":"[12:16:23.426 PM]: Configuring logger with level: -1, filePath: undefined, additionalLogToConsole: undefined"}
{"level":"INFO","message":"[12:35:56.740 PM]: Configuring logger with level: -1, filePath: undefined, additionalLogToConsole: undefined"}
{"level":"INFO","message":"[12:38:54.155 PM]: Configuring logger with level: -1, filePath: undefined, additionalLogToConsole: undefined"}
{"level":"INFO","message":"[12:49:48.150 PM]: Configuring logger with level: -1, filePath: undefined, additionalLogToConsole: undefined"}
{"level":"INFO","message":"[1:14:14.555 PM]: Configuring logger with level: -1, filePath: undefined, additionalLogToConsole: undefined"}
{"level":"INFO","message":"[1:38:06.537 PM]: Configuring logger with level: -1, filePath: undefined, additionalLogToConsole: undefined"}
{"level":"INFO","message":"[9:38:14.002 AM]: Configuring logger with level: -1, filePath: undefined, additionalLogToConsole: undefined"}
{"level":"INFO","message":"[2:44:45.592 PM]: Configuring logger with level: -1, filePath: undefined, additionalLogToConsole: undefined"}
{"level":"INFO","message":"[3:39:07.618 PM]: Configuring logger with level: -1, filePath: undefined, additionalLogToConsole: undefined"}
{"level":"INFO","message":"[3:43:00.736 PM]: Configuring logger with level: -1, filePath: undefined, additionalLogToConsole: undefined"}
{"level":"INFO","message":"[4:09:46.555 PM]: Configuring logger with level: -1, filePath: undefined, additionalLogToConsole: undefined"}
{"level":"INFO","message":"[4:13:28.599 PM]: Configuring logger with level: -1, filePath: undefined, additionalLogToConsole: undefined"}
{"level":"INFO","message":"[4:15:23.998 PM]: Configuring logger with level: -1, filePath: undefined, additionalLogToConsole: undefined"}
{"level":"INFO","message":"[4:34:51.009 PM]: Configuring logger with level: -1, filePath: undefined, additionalLogToConsole: undefined"}
{"level":"INFO","message":"[8:46:50.530 PM]: Configuring logger with level: -1, filePath: undefined, additionalLogToConsole: undefined"}
{"level":"INFO","message":"[10:20:44.405 AM]: Configuring logger with level: -1, filePath: undefined, additionalLogToConsole: undefined"}
{"level":"INFO","message":"[3:27:23.659 PM]: Configuring logger with level: -1, filePath: undefined, additionalLogToConsole: undefined"}
{"level":"INFO","message":"[4:12:04.864 PM]: Configuring logger with level: -1, filePath: undefined, additionalLogToConsole: undefined"}
{"level":"INFO","message":"[4:21:16.013 PM]: Configuring logger with level: -1, filePath: undefined, additionalLogToConsole: undefined"}
{"level":"INFO","message":"[4:31:13.308 PM]: Configuring logger with level: -1, filePath: undefined, additionalLogToConsole: undefined"}
{"level":"INFO","message":"[4:54:52.985 PM]: Configuring logger with level: -1, filePath: undefined, additionalLogToConsole: undefined"}
{"level":"INFO","message":"[5:14:26.858 PM]: Configuring logger with level: -1, filePath: undefined, additionalLogToConsole: undefined"}
{"level":"INFO","message":"[5:24:39.842 PM]: Configuring logger with level: -1, filePath: undefined, additionalLogToConsole: undefined"}
{"level":"INFO","message":"[5:26:48.105 PM]: Configuring logger with level: -1, filePath: undefined, additionalLogToConsole: undefined"}
{"level":"INFO","message":"[7:36:49.295 PM]: Configuring logger with level: -1, filePath: undefined, additionalLogToConsole: undefined"}
{"level":"INFO","message":"[7:49:45.379 PM]: Configuring logger with level: -1, filePath: undefined, additionalLogToConsole: undefined"}
{"level":"INFO","message":"[7:50:52.396 PM]: Configuring logger with level: -1, filePath: undefined, additionalLogToConsole: undefined"}
{"level":"INFO","message":"[7:59:20.446 PM]: Configuring logger with level: -1, filePath: undefined, additionalLogToConsole: undefined"}
{"level":"INFO","message":"[7:59:40.609 PM]: Configuring logger with level: -1, filePath: undefined, additionalLogToConsole: undefined"}
{"level":"INFO","message":"[8:03:02.288 PM]: Configuring logger with level: -1, filePath: undefined, additionalLogToConsole: undefined"}
{"level":"INFO","message":"[8:03:43.391 PM]: Configuring logger with level: -1, filePath: undefined, additionalLogToConsole: undefined"}
{"level":"INFO","message":"[8:06:42.621 PM]: Configuring logger with level: -1, filePath: undefined, additionalLogToConsole: undefined"}
{"level":"INFO","message":"[8:07:24.799 PM]: Configuring logger with level: -1, filePath: undefined, additionalLogToConsole: undefined"}
{"level":"INFO","message":"[8:10:12.042 PM]: Configuring logger with level: -1, filePath: undefined, additionalLogToConsole: undefined"}
{"level":"INFO","message":"[8:13:15.121 PM]: Configuring logger with level: -1, filePath: undefined, additionalLogToConsole: undefined"}
{"level":"INFO","message":"[8:14:58.488 PM]: Configuring logger with level: -1, filePath: undefined, additionalLogToConsole: undefined"}
{"level":"INFO","message":"[8:15:59.263 PM]: Configuring logger with level: -1, filePath: undefined, additionalLogToConsole: undefined"}
{"level":"INFO","message":"[8:16:43.414 PM]: Configuring logger with level: -1, filePath: undefined, additionalLogToConsole: undefined"}
{"level":"INFO","message":"[8:17:16.278 PM]: Configuring logger with level: -1, filePath: undefined, additionalLogToConsole: undefined"}
{"level":"INFO","message":"[8:18:47.873 PM]: Configuring logger with level: -1, filePath: undefined, additionalLogToConsole: undefined"}
{"level":"INFO","message":"[8:19:31.277 PM]: Configuring logger with level: -1, filePath: undefined, additionalLogToConsole: undefined"}
{"level":"INFO","message":"[8:21:41.504 PM]: Configuring logger with level: -1, filePath: undefined, additionalLogToConsole: undefined"}
{"level":"INFO","message":"[8:39:57.605 PM]: Configuring logger with level: -1, filePath: undefined, additionalLogToConsole: undefined"}
{"level":"INFO","message":"[8:41:43.777 PM]: Configuring logger with level: -1, filePath: undefined, additionalLogToConsole: undefined"}
{"level":"INFO","message":"[8:43:02.314 PM]: Configuring logger with level: -1, filePath: undefined, additionalLogToConsole: undefined"}
{"level":"INFO","message":"[8:44:20.962 PM]: Configuring logger with level: -1, filePath: undefined, additionalLogToConsole: undefined"}
{"level":"INFO","message":"[8:52:30.082 PM]: Configuring logger with level: -1, filePath: undefined, additionalLogToConsole: undefined"}
{"level":"INFO","message":"[8:53:44.997 PM]: Configuring logger with level: -1, filePath: undefined, additionalLogToConsole: undefined"}
{"level":"INFO","message":"[8:56:56.176 PM]: Configuring logger with level: -1, filePath: undefined, additionalLogToConsole: undefined"}
{"level":"INFO","message":"[8:59:17.349 PM]: Configuring logger with level: -1, filePath: undefined, additionalLogToConsole: undefined"}
{"level":"INFO","message":"[9:01:28.638 PM]: Configuring logger with level: -1, filePath: undefined, additionalLogToConsole: undefined"}
{"level":"INFO","message":"[9:03:19.972 PM]: Configuring logger with level: -1, filePath: undefined, additionalLogToConsole: undefined"}
{"level":"INFO","message":"[9:04:36.900 PM]: Configuring logger with level: -1, filePath: undefined, additionalLogToConsole: undefined"}
{"level":"INFO","message":"[9:06:07.042 PM]: Configuring logger with level: -1, filePath: undefined, additionalLogToConsole: undefined"}
{"level":"INFO","message":"[9:09:12.466 PM]: Configuring logger with level: -1, filePath: undefined, additionalLogToConsole: undefined"}
{"level":"INFO","message":"[9:10:09.278 PM]: Configuring logger with level: -1, filePath: undefined, additionalLogToConsole: undefined"}
{"level":"INFO","message":"[9:12:21.300 PM]: Configuring logger with level: -1, filePath: undefined, additionalLogToConsole: undefined"}
{"level":"INFO","message":"[9:20:19.335 PM]: Configuring logger with level: -1, filePath: undefined, additionalLogToConsole: undefined"}
{"level":"INFO","message":"[9:29:57.309 PM]: Configuring logger with level: -1, filePath: undefined, additionalLogToConsole: undefined"}
{"level":"INFO","message":"[9:37:57.050 PM]: Configuring logger with level: -1, filePath: undefined, additionalLogToConsole: undefined"}
{"level":"INFO","message":"[10:05:58.251 PM]: Configuring logger with level: -1, filePath: undefined, additionalLogToConsole: undefined"}
{"level":"INFO","message":"[10:10:35.436 PM]: Configuring logger with level: -1, filePath: undefined, additionalLogToConsole: undefined"}
{"level":"INFO","message":"[10:13:42.087 PM]: Configuring logger with level: -1, filePath: undefined, additionalLogToConsole: undefined"}
{"level":"INFO","message":"[7:48:18.110 AM]: Configuring logger with level: -1, filePath: undefined, additionalLogToConsole: undefined"}
{"level":"INFO","message":"[3:49:20.560 PM]: Configuring logger with level: -1, filePath: undefined, additionalLogToConsole: undefined"}
{"level":"INFO","message":"[8:32:21.950 PM]: Configuring logger with level: -1, filePath: undefined, additionalLogToConsole: undefined"}
{"level":"INFO","message":"[9:12:19.285 PM]: Configuring logger with level: -1, filePath: undefined, additionalLogToConsole: undefined"}
{"level":"INFO","message":"[9:15:52.792 PM]: Configuring logger with level: -1, filePath: undefined, additionalLogToConsole: undefined"}
{"level":"INFO","message":"[9:05:25.639 AM]: Configuring logger with level: -1, filePath: undefined, additionalLogToConsole: undefined"}
{"level":"INFO","message":"[9:16:46.619 AM]: Configuring logger with level: -1, filePath: undefined, additionalLogToConsole: undefined"}
{"level":"INFO","message":"[9:23:51.425 AM]: Configuring logger with level: -1, filePath: undefined, additionalLogToConsole: undefined"}
{"level":"INFO","message":"[9:26:09.396 AM]: Configuring logger with level: -1, filePath: undefined, additionalLogToConsole: undefined"}
{"level":"INFO","message":"[9:55:52.416 AM]: Configuring logger with level: -1, filePath: undefined, additionalLogToConsole: undefined"}
{"level":"INFO","message":"[10:03:18.637 AM]: Configuring logger with level: -1, filePath: undefined, additionalLogToConsole: undefined"}
{"level":"INFO","message":"[10:05:05.233 AM]: Configuring logger with level: -1, filePath: undefined, additionalLogToConsole: undefined"}
{"level":"INFO","message":"[10:06:07.019 AM]: Configuring logger with level: -1, filePath: undefined, additionalLogToConsole: undefined"}
{"level":"INFO","message":"[10:22:19.516 AM]: Configuring logger with level: -1, filePath: undefined, additionalLogToConsole: undefined"}
{"level":"INFO","message":"[11:29:15.385 AM]: Configuring logger with level: -1, filePath: undefined, additionalLogToConsole: undefined"}
{"level":"INFO","message":"[11:50:01.656 AM]: Configuring logger with level: -1, filePath: undefined, additionalLogToConsole: undefined"}
{"level":"INFO","message":"[11:59:37.236 AM]: Configuring logger with level: -1, filePath: undefined, additionalLogToConsole: undefined"}
{"level":"INFO","message":"[12:07:11.407 PM]: Configuring logger with level: -1, filePath: undefined, additionalLogToConsole: undefined"}
{"level":"INFO","message":"[7:42:49.711 PM]: Configuring logger with level: -1, filePath: undefined, additionalLogToConsole: undefined"}
{"level":"INFO","message":"[8:12:22.122 PM]: Configuring logger with level: -1, filePath: undefined, additionalLogToConsole: undefined"}
{"level":"INFO","message":"[12:41:53.597 PM]: Configuring logger with level: -1, filePath: undefined, additionalLogToConsole: undefined"}
{"level":"INFO","message":"[12:44:17.494 PM]: Configuring logger with level: -1, filePath: undefined, additionalLogToConsole: undefined"}
{"level":"INFO","message":"[1:00:31.128 PM]: Configuring logger with level: -1, filePath: undefined, additionalLogToConsole: undefined"}
{"level":"INFO","message":"[1:04:36.510 PM]: Configuring logger with level: -1, filePath: undefined, additionalLogToConsole: undefined"}
{"level":"INFO","message":"[1:04:57.929 PM]: Configuring logger with level: -1, filePath: undefined, additionalLogToConsole: undefined"}
{"level":"INFO","message":"[1:05:55.609 PM]: Configuring logger with level: -1, filePath: undefined, additionalLogToConsole: undefined"}
{"level":"INFO","message":"[1:50:58.519 PM]: Configuring logger with level: -1, filePath: undefined, additionalLogToConsole: undefined"}
{"level":"INFO","message":"[1:54:27.009 PM]: Configuring logger with level: -1, filePath: undefined, additionalLogToConsole: undefined"}
{"level":"INFO","message":"[1:54:45.981 PM]: Configuring logger with level: -1, filePath: undefined, additionalLogToConsole: undefined"}
{"level":"INFO","message":"[1:56:44.640 PM]: Configuring logger with level: -1, filePath: undefined, additionalLogToConsole: undefined"}
{"level":"INFO","message":"[10:44:55.956 PM]: Configuring logger with level: -1, filePath: undefined, additionalLogToConsole: undefined"}
{"level":"INFO","message":"[7:26:08.229 AM]: Configuring logger with level: -1, filePath: undefined, additionalLogToConsole: undefined"}
{"level":"INFO","message":"[7:39:33.761 AM]: Configuring logger with level: -1, filePath: undefined, additionalLogToConsole: undefined"}
{"level":"INFO","message":"[7:44:00.520 AM]: Configuring logger with level: -1, filePath: undefined, additionalLogToConsole: undefined"}
{"level":"INFO","message":"[8:06:34.003 AM]: Creating new connection object"}
{"level":"INFO","message":"[8:06:34.014 AM]: Creating Connection[id: ceca9d18-09ee-4b58-80d0-bc1a31c5b4ad] with host: ypb32537.us-east-1.snowflakecomputing.com, account: ypb32537, accessUrl: https://ypb32537.us-east-1.snowflakecomputing.com, user: data_engineer_user, password is not provided, role: programmatic_role, database: undefined, schema: undefined, warehouse: COMPUTE_WH, region: us-east-1, authenticator: OAUTH, ocsp mode: FAIL_OPEN, os: darwin, os version: 23.6.0"}
{"level":"INFO","message":"[8:06:34.015 AM]: Connection[id: ceca9d18-09ee-4b58-80d0-bc1a31c5b4ad] additional details: passcode in password is provided, passcode is not provided, private key is not provided, application: undefined, client name: snowflake-sdk, client version: 1.15.0, retry timeout: 300, private key path: undefined, private key pass is not provided, client store temporary credential: false, browser response timeout: 120000"}
{"level":"INFO","message":"[8:06:34.015 AM]: Connection[id: ceca9d18-09ee-4b58-80d0-bc1a31c5b4ad] - connection object created successfully."}
{"level":"INFO","message":"[8:06:34.016 AM]: Connection[id: ceca9d18-09ee-4b58-80d0-bc1a31c5b4ad] - connecting. Associated Snowflake domain: GLOBAL"}
{"level":"INFO","message":"[8:06:34.016 AM]: Connection[id: ceca9d18-09ee-4b58-80d0-bc1a31c5b4ad] - authentication successful using: OAUTH"}
{"level":"INFO","message":"[8:06:34.017 AM]: Trying to initialize Easy Logging"}
{"level":"INFO","message":"[8:06:34.020 AM]: No client config detected."}
{"level":"INFO","message":"[8:06:34.021 AM]: No config file path found. Client config will not be used."}
{"level":"INFO","message":"[8:06:34.021 AM]: Easy Logging is disabled as no config has been found"}
{"level":"INFO","message":"[8:06:34.023 AM]: Connection[id: ceca9d18-09ee-4b58-80d0-bc1a31c5b4ad] - connected successfully after 7.162334010004997 milliseconds"}
{"level":"INFO","message":"[8:07:26.575 AM]: Creating new connection object"}
{"level":"INFO","message":"[8:07:26.586 AM]: Creating Connection[id: bb579ed8-d6f3-464d-8203-b05790cfc2ed] with host: ypb32537.us-east-1.snowflakecomputing.com, account: ypb32537, accessUrl: https://ypb32537.us-east-1.snowflakecomputing.com, user: data_engineer_user, password is not provided, role: programmatic_role, database: undefined, schema: undefined, warehouse: COMPUTE_WH, region: us-east-1, authenticator: OAUTH, ocsp mode: FAIL_OPEN, os: darwin, os version: 23.6.0"}
{"level":"INFO","message":"[8:07:26.587 AM]: Connection[id: bb579ed8-d6f3-464d-8203-b05790cfc2ed] additional details: passcode in password is provided, passcode is not provided, private key is not provided, application: undefined, client name: snowflake-sdk, client version: 1.15.0, retry timeout: 300, private key path: undefined, private key pass is not provided, client store temporary credential: false, browser response timeout: 120000"}
{"level":"INFO","message":"[8:07:26.587 AM]: Connection[id: bb579ed8-d6f3-464d-8203-b05790cfc2ed] - connection object created successfully."}
{"level":"INFO","message":"[8:07:26.588 AM]: Connection[id: bb579ed8-d6f3-464d-8203-b05790cfc2ed] - connecting. Associated Snowflake domain: GLOBAL"}
{"level":"INFO","message":"[8:07:26.588 AM]: Connection[id: bb579ed8-d6f3-464d-8203-b05790cfc2ed] - authentication successful using: OAUTH"}
{"level":"INFO","message":"[8:07:26.588 AM]: Trying to initialize Easy Logging"}
{"level":"INFO","message":"[8:07:26.593 AM]: No client config detected."}
{"level":"INFO","message":"[8:07:26.593 AM]: No config file path found. Client config will not be used."}
{"level":"INFO","message":"[8:07:26.593 AM]: Easy Logging is disabled as no config has been found"}
{"level":"INFO","message":"[8:07:26.595 AM]: Connection[id: bb579ed8-d6f3-464d-8203-b05790cfc2ed] - connected successfully after 7.388916999101639 milliseconds"}
{"level":"INFO","message":"[8:08:12.134 AM]: Creating new connection object"}
{"level":"INFO","message":"[8:08:12.141 AM]: Creating Connection[id: 864e1950-335a-4a3c-b032-e48c563bcb8e] with host: ypb32537.us-east-1.snowflakecomputing.com, account: ypb32537, accessUrl: https://ypb32537.us-east-1.snowflakecomputing.com, user: data_engineer_user, password is not provided, role: programmatic_role, database: undefined, schema: undefined, warehouse: COMPUTE_WH, region: us-east-1, authenticator: OAUTH, ocsp mode: FAIL_OPEN, os: darwin, os version: 23.6.0"}
{"level":"INFO","message":"[8:08:12.142 AM]: Connection[id: 864e1950-335a-4a3c-b032-e48c563bcb8e] additional details: passcode in password is provided, passcode is not provided, private key is not provided, application: undefined, client name: snowflake-sdk, client version: 1.15.0, retry timeout: 300, private key path: undefined, private key pass is not provided, client store temporary credential: false, browser response timeout: 120000"}
{"level":"INFO","message":"[8:08:12.142 AM]: Connection[id: 864e1950-335a-4a3c-b032-e48c563bcb8e] - connection object created successfully."}
{"level":"INFO","message":"[8:08:12.142 AM]: Connection[id: 864e1950-335a-4a3c-b032-e48c563bcb8e] - connecting. Associated Snowflake domain: GLOBAL"}
{"level":"INFO","message":"[8:08:12.143 AM]: Connection[id: 864e1950-335a-4a3c-b032-e48c563bcb8e] - authentication successful using: OAUTH"}
{"level":"INFO","message":"[8:08:12.143 AM]: Trying to initialize Easy Logging"}
{"level":"INFO","message":"[8:08:12.146 AM]: No client config detected."}
{"level":"INFO","message":"[8:08:12.146 AM]: No config file path found. Client config will not be used."}
{"level":"INFO","message":"[8:08:12.147 AM]: Easy Logging is disabled as no config has been found"}
{"level":"INFO","message":"[8:08:12.148 AM]: Connection[id: 864e1950-335a-4a3c-b032-e48c563bcb8e] - connected successfully after 5.869832992553711 milliseconds"}
{"level":"INFO","message":"[8:08:59.349 AM]: Creating new connection object"}
{"level":"INFO","message":"[8:08:59.356 AM]: Creating Connection[id: a33d3428-af05-48d3-89de-25bcfe29749a] with host: ypb32537.us-east-1.snowflakecomputing.com, account: ypb32537, accessUrl: https://ypb32537.us-east-1.snowflakecomputing.com, user: data_engineer_user, password is not provided, role: programmatic_role, database: undefined, schema: undefined, warehouse: COMPUTE_WH, region: us-east-1, authenticator: OAUTH, ocsp mode: FAIL_OPEN, os: darwin, os version: 23.6.0"}
{"level":"INFO","message":"[8:08:59.356 AM]: Connection[id: a33d3428-af05-48d3-89de-25bcfe29749a] additional details: passcode in password is provided, passcode is not provided, private key is not provided, application: undefined, client name: snowflake-sdk, client version: 1.15.0, retry timeout: 300, private key path: undefined, private key pass is not provided, client store temporary credential: false, browser response timeout: 120000"}
{"level":"INFO","message":"[8:08:59.356 AM]: Connection[id: a33d3428-af05-48d3-89de-25bcfe29749a] - connection object created successfully."}
{"level":"INFO","message":"[8:08:59.357 AM]: Connection[id: a33d3428-af05-48d3-89de-25bcfe29749a] - connecting. Associated Snowflake domain: GLOBAL"}
{"level":"INFO","message":"[8:08:59.357 AM]: Connection[id: a33d3428-af05-48d3-89de-25bcfe29749a] - authentication successful using: OAUTH"}
{"level":"INFO","message":"[8:08:59.357 AM]: Trying to initialize Easy Logging"}
{"level":"INFO","message":"[8:08:59.361 AM]: No client config detected."}
{"level":"INFO","message":"[8:08:59.361 AM]: No config file path found. Client config will not be used."}
{"level":"INFO","message":"[8:08:59.361 AM]: Easy Logging is disabled as no config has been found"}
{"level":"INFO","message":"[8:08:59.363 AM]: Connection[id: a33d3428-af05-48d3-89de-25bcfe29749a] - connected successfully after 5.927416995167732 milliseconds"}
{"level":"INFO","message":"[8:10:10.314 AM]: Creating new connection object"}
{"level":"INFO","message":"[8:10:10.321 AM]: Creating Connection[id: ccfccd56-3476-456f-ac8c-051bf906c3ce] with host: ypb32537.us-east-1.snowflakecomputing.com, account: ypb32537, accessUrl: https://ypb32537.us-east-1.snowflakecomputing.com, user: data_engineer_user, password is not provided, role: programmatic_role, database: undefined, schema: undefined, warehouse: COMPUTE_WH, region: us-east-1, authenticator: OAUTH, ocsp mode: FAIL_OPEN, os: darwin, os version: 23.6.0"}
{"level":"INFO","message":"[8:10:10.322 AM]: Connection[id: ccfccd56-3476-456f-ac8c-051bf906c3ce] additional details: passcode in password is provided, passcode is not provided, private key is not provided, application: undefined, client name: snowflake-sdk, client version: 1.15.0, retry timeout: 300, private key path: undefined, private key pass is not provided, client store temporary credential: false, browser response timeout: 120000"}
{"level":"INFO","message":"[8:10:10.322 AM]: Connection[id: ccfccd56-3476-456f-ac8c-051bf906c3ce] - connection object created successfully."}
{"level":"INFO","message":"[8:10:10.322 AM]: Connection[id: ccfccd56-3476-456f-ac8c-051bf906c3ce] - connecting. Associated Snowflake domain: GLOBAL"}
{"level":"INFO","message":"[8:10:10.323 AM]: Connection[id: ccfccd56-3476-456f-ac8c-051bf906c3ce] - authentication successful using: OAUTH"}
{"level":"INFO","message":"[8:10:10.323 AM]: Trying to initialize Easy Logging"}
{"level":"INFO","message":"[8:10:10.326 AM]: No client config detected."}
{"level":"INFO","message":"[8:10:10.326 AM]: No config file path found. Client config will not be used."}
{"level":"INFO","message":"[8:10:10.327 AM]: Easy Logging is disabled as no config has been found"}
{"level":"INFO","message":"[8:10:10.328 AM]: Connection[id: ccfccd56-3476-456f-ac8c-051bf906c3ce] - connected successfully after 5.83704200387001 milliseconds"}
{"level":"INFO","message":"[8:11:39.333 AM]: Creating new connection object"}
{"level":"INFO","message":"[8:11:39.340 AM]: Creating Connection[id: 7932b4bf-345f-4e1f-adf0-ada498475ab5] with host: ypb32537.us-east-1.snowflakecomputing.com, account: ypb32537, accessUrl: https://ypb32537.us-east-1.snowflakecomputing.com, user: data_engineer_user, password is not provided, role: programmatic_role, database: undefined, schema: undefined, warehouse: COMPUTE_WH, region: us-east-1, authenticator: OAUTH, ocsp mode: FAIL_OPEN, os: darwin, os version: 23.6.0"}
{"level":"INFO","message":"[8:11:39.340 AM]: Connection[id: 7932b4bf-345f-4e1f-adf0-ada498475ab5] additional details: passcode in password is provided, passcode is not provided, private key is not provided, application: undefined, client name: snowflake-sdk, client version: 1.15.0, retry timeout: 300, private key path: undefined, private key pass is not provided, client store temporary credential: false, browser response timeout: 120000"}
{"level":"INFO","message":"[8:11:39.341 AM]: Connection[id: 7932b4bf-345f-4e1f-adf0-ada498475ab5] - connection object created successfully."}
{"level":"INFO","message":"[8:11:39.341 AM]: Connection[id: 7932b4bf-345f-4e1f-adf0-ada498475ab5] - connecting. Associated Snowflake domain: GLOBAL"}
{"level":"INFO","message":"[8:11:39.341 AM]: Connection[id: 7932b4bf-345f-4e1f-adf0-ada498475ab5] - authentication successful using: OAUTH"}
{"level":"INFO","message":"[8:11:39.342 AM]: Trying to initialize Easy Logging"}
{"level":"INFO","message":"[8:11:39.345 AM]: No client config detected."}
{"level":"INFO","message":"[8:11:39.346 AM]: No config file path found. Client config will not be used."}
{"level":"INFO","message":"[8:11:39.346 AM]: Easy Logging is disabled as no config has been found"}
{"level":"INFO","message":"[8:11:39.348 AM]: Connection[id: 7932b4bf-345f-4e1f-adf0-ada498475ab5] - connected successfully after 6.4405830055475235 milliseconds"}
{"level":"INFO","message":"[8:13:57.642 AM]: Creating new connection object"}
{"level":"INFO","message":"[8:13:57.650 AM]: Creating Connection[id: 5fd8e5c7-95a6-4ef6-b9f0-5871da1cf9f4] with host: ypb32537.us-east-1.snowflakecomputing.com, account: ypb32537, accessUrl: https://ypb32537.us-east-1.snowflakecomputing.com, user: data_engineer_user, password is not provided, role: programmatic_role, database: undefined, schema: undefined, warehouse: COMPUTE_WH, region: us-east-1, authenticator: OAUTH, ocsp mode: FAIL_OPEN, os: darwin, os version: 23.6.0"}
{"level":"INFO","message":"[8:13:57.650 AM]: Connection[id: 5fd8e5c7-95a6-4ef6-b9f0-5871da1cf9f4] additional details: passcode in password is provided, passcode is not provided, private key is not provided, application: undefined, client name: snowflake-sdk, client version: 1.15.0, retry timeout: 300, private key path: undefined, private key pass is not provided, client store temporary credential: false, browser response timeout: 120000"}
{"level":"INFO","message":"[8:13:57.650 AM]: Connection[id: 5fd8e5c7-95a6-4ef6-b9f0-5871da1cf9f4] - connection object created successfully."}
{"level":"INFO","message":"[8:13:57.651 AM]: Connection[id: 5fd8e5c7-95a6-4ef6-b9f0-5871da1cf9f4] - connecting. Associated Snowflake domain: GLOBAL"}
{"level":"INFO","message":"[8:13:57.651 AM]: Connection[id: 5fd8e5c7-95a6-4ef6-b9f0-5871da1cf9f4] - authentication successful using: OAUTH"}
{"level":"INFO","message":"[8:13:57.652 AM]: Trying to initialize Easy Logging"}
{"level":"INFO","message":"[8:13:57.655 AM]: No client config detected."}
{"level":"INFO","message":"[8:13:57.655 AM]: No config file path found. Client config will not be used."}
{"level":"INFO","message":"[8:13:57.655 AM]: Easy Logging is disabled as no config has been found"}
{"level":"INFO","message":"[8:13:57.657 AM]: Connection[id: 5fd8e5c7-95a6-4ef6-b9f0-5871da1cf9f4] - connected successfully after 5.776625007390976 milliseconds"}
{"level":"INFO","message":"[8:15:42.900 AM]: Creating new connection object"}
{"level":"INFO","message":"[8:15:42.908 AM]: Creating Connection[id: 49a39865-8699-443d-a48d-0a6348bd478e] with host: ypb32537.us-east-1.snowflakecomputing.com, account: ypb32537, accessUrl: https://ypb32537.us-east-1.snowflakecomputing.com, user: data_engineer_user, password is not provided, role: programmatic_role, database: undefined, schema: undefined, warehouse: COMPUTE_WH, region: us-east-1, authenticator: OAUTH, ocsp mode: FAIL_OPEN, os: darwin, os version: 23.6.0"}
{"level":"INFO","message":"[8:15:42.908 AM]: Connection[id: 49a39865-8699-443d-a48d-0a6348bd478e] additional details: passcode in password is provided, passcode is not provided, private key is not provided, application: undefined, client name: snowflake-sdk, client version: 1.15.0, retry timeout: 300, private key path: undefined, private key pass is not provided, client store temporary credential: false, browser response timeout: 120000"}
{"level":"INFO","message":"[8:15:42.908 AM]: Connection[id: 49a39865-8699-443d-a48d-0a6348bd478e] - connection object created successfully."}
{"level":"INFO","message":"[8:15:42.908 AM]: Connection[id: 49a39865-8699-443d-a48d-0a6348bd478e] - connecting. Associated Snowflake domain: GLOBAL"}
{"level":"INFO","message":"[8:15:42.909 AM]: Connection[id: 49a39865-8699-443d-a48d-0a6348bd478e] - authentication successful using: OAUTH"}
{"level":"INFO","message":"[8:15:42.909 AM]: Trying to initialize Easy Logging"}
{"level":"INFO","message":"[8:15:42.912 AM]: No client config detected."}
{"level":"INFO","message":"[8:15:42.912 AM]: No config file path found. Client config will not be used."}
{"level":"INFO","message":"[8:15:42.913 AM]: Easy Logging is disabled as no config has been found"}
{"level":"INFO","message":"[8:15:42.914 AM]: Connection[id: 49a39865-8699-443d-a48d-0a6348bd478e] - connected successfully after 5.949165999889374 milliseconds"}
{"level":"INFO","message":"[8:15:53.769 AM]: Configuring logger with level: -1, filePath: undefined, additionalLogToConsole: undefined"}
{"level":"INFO","message":"[8:16:28.596 AM]: Configuring logger with level: -1, filePath: undefined, additionalLogToConsole: undefined"}
{"level":"INFO","message":"[8:17:11.490 AM]: Configuring logger with level: -1, filePath: undefined, additionalLogToConsole: undefined"}
{"level":"INFO","message":"[8:18:03.543 AM]: Configuring logger with level: -1, filePath: undefined, additionalLogToConsole: undefined"}
{"level":"INFO","message":"[8:27:59.951 AM]: Configuring logger with level: -1, filePath: undefined, additionalLogToConsole: undefined"}
{"level":"INFO","message":"[8:29:30.384 AM]: Configuring logger with level: -1, filePath: undefined, additionalLogToConsole: undefined"}
{"level":"INFO","message":"[8:33:15.841 AM]: Configuring logger with level: -1, filePath: undefined, additionalLogToConsole: undefined"}
{"level":"INFO","message":"[9:11:32.525 AM]: Configuring logger with level: -1, filePath: undefined, additionalLogToConsole: undefined"}
{"level":"INFO","message":"[9:14:18.232 AM]: Configuring logger with level: -1, filePath: undefined, additionalLogToConsole: undefined"}
{"level":"INFO","message":"[9:17:11.381 AM]: Configuring logger with level: -1, filePath: undefined, additionalLogToConsole: undefined"}
{"level":"INFO","message":"[9:17:48.129 AM]: Configuring logger with level: -1, filePath: undefined, additionalLogToConsole: undefined"}
{"level":"INFO","message":"[9:19:58.423 AM]: Configuring logger with level: -1, filePath: undefined, additionalLogToConsole: undefined"}
{"level":"INFO","message":"[9:20:39.814 AM]: Configuring logger with level: -1, filePath: undefined, additionalLogToConsole: undefined"}
{"level":"INFO","message":"[9:21:16.407 AM]: Configuring logger with level: -1, filePath: undefined, additionalLogToConsole: undefined"}
{"level":"INFO","message":"[9:23:30.943 AM]: Configuring logger with level: -1, filePath: undefined, additionalLogToConsole: undefined"}
{"level":"INFO","message":"[9:24:09.561 AM]: Configuring logger with level: -1, filePath: undefined, additionalLogToConsole: undefined"}
{"level":"INFO","message":"[9:26:01.123 AM]: Configuring logger with level: -1, filePath: undefined, additionalLogToConsole: undefined"}
{"level":"INFO","message":"[9:28:12.055 AM]: Configuring logger with level: -1, filePath: undefined, additionalLogToConsole: undefined"}
{"level":"INFO","message":"[10:17:12.500 AM]: Configuring logger with level: -1, filePath: undefined, additionalLogToConsole: undefined"}
{"level":"INFO","message":"[11:05:59.416 AM]: Configuring logger with level: -1, filePath: undefined, additionalLogToConsole: undefined"}
{"level":"INFO","message":"[11:10:42.229 AM]: Configuring logger with level: -1, filePath: undefined, additionalLogToConsole: undefined"}
{"level":"INFO","message":"[12:17:43.976 PM]: Configuring logger with level: -1, filePath: undefined, additionalLogToConsole: undefined"}
